#separator \x09
#set_separator	,
#empty_field	(empty)
#unset_field	-
#path	ocsp
#open	2023-04-22-07-40-37
#fields	ts	id	hashAlgorithm	issuerNameHash	issuerKeyHash	serialNumber	certStatus	revoketime	revokereason	thisUpdate	nextUpdate
#types	time	string	string	string	string	string	string	time	string	time	time
1679466406.971861	Fkq6se4eSaxcB9eox6	sha1	CF94DC5C304AA79485721F956E67895AC21657DD	F6850A3B1186E1047D0EAA0B2CD2EECC647B7BAE	AFC0A8FDE886E5E89BEB23E189A0D987	good	-	-	1679162982.000000	1679767781.000000
1679466407.064573	FAzpws18E6mmW8Sua2	sha1	CF94DC5C304AA79485721F956E67895AC21657DD	F6850A3B1186E1047D0EAA0B2CD2EECC647B7BAE	AFC0A8FDE886E5E89BEB23E189A0D987	good	-	-	1679162982.000000	1679767781.000000
1679466407.083019	FvADw22EsKAt1wkbM	sha1	CF94DC5C304AA79485721F956E67895AC21657DD	F6850A3B1186E1047D0EAA0B2CD2EECC647B7BAE	AFC0A8FDE886E5E89BEB23E189A0D987	good	-	-	1679162982.000000	1679767781.000000
1679466407.096599	Fp9oAl1Y7rVFuBP8Ok	sha1	6B7064FE6A7443DC2D6D5B79ECACA7AE5C2EC33F	F8EF7FF2CD7867A8DE6F8F248D88F1870302B3EB	517B0EF98600E66A3420BA7D	good	-	-	1679439363.000000	1679784962.000000
1679466407.354673	Fx7TEm3VAkOytQ9br8	sha1	48DAC9A0FB2BD32D4FF0DE68D2F567B735F9B3C4	142EB317B75856CBAE500940E61FAF9D8B14C2C6	04C0AB1E9520B5D50D2858926A3119512D6D	good	-	-	1679284800.000000	1679889598.000000
1679466439.507272	Fg6mW93QXLDdphOoE6	sha1	84D56BF8098BD307B766D8E1EBAD6596AA6B6761	F5CDD53C0850F96A4F3AB797DA5683E669D268F7	277EA1E3E0F33569ADC3D561	good	-	-	1679447269.000000	1679792868.000000
1679466516.920470	FQodkk2pL8Xts7vYqk	sha1	6B7064FE6A7443DC2D6D5B79ECACA7AE5C2EC33F	F8EF7FF2CD7867A8DE6F8F248D88F1870302B3EB	200A4BF2FF6F229B235F0584	good	-	-	1679450858.000000	1679796457.000000
1679466517.071340	F68O9u4Zo7RNpWe3i9	sha1	6B7064FE6A7443DC2D6D5B79ECACA7AE5C2EC33F	F8EF7FF2CD7867A8DE6F8F248D88F1870302B3EB	200A4BF2FF6F229B235F0584	good	-	-	1679450858.000000	1679796457.000000
1679466518.047887	F9uZhiHJr7qxZArul	sha1	6B7064FE6A7443DC2D6D5B79ECACA7AE5C2EC33F	F8EF7FF2CD7867A8DE6F8F248D88F1870302B3EB	200A4BF2FF6F229B235F0584	good	-	-	1679450858.000000	1679796457.000000
1679466520.856626	Fstiym3CLHlCJjNpFb	sha1	A303C0A8887BD479C4278EB5D7587D3C12C04DA4	FF2F7FE106F438F32DED258D98C2FE0EF66CFCFA	2D0032787213FA84AE5320170C000000327872	good	-	-	1679400002.000000	1679745601.000000
1679466525.132412	F6htvC1HR9LGq45ZUg	sha1	52FECA108DB4E5AB5268930D27C82FF215E24BB5	00AB91FC216226979AA8791B61419060A96267FD	330098710EAC6DE8D7BBFD989F00000098710E	good	-	-	1678979650.000000	1679489414.000000
1679466525.305816	FxdSxe3M6Lv9bHvMFc	sha1	52FECA108DB4E5AB5268930D27C82FF215E24BB5	00AB91FC216226979AA8791B61419060A96267FD	330098710EAC6DE8D7BBFD989F00000098710E	good	-	-	1678979650.000000	1679489414.000000
1679466546.177822	FZE8Ff2hOCR4ehqKNj	sha1	52FECA108DB4E5AB5268930D27C82FF215E24BB5	00AB91FC216226979AA8791B61419060A96267FD	330098710EAC6DE8D7BBFD989F00000098710E	good	-	-	1678979650.000000	1679489414.000000
1679466546.368852	F6yEW33RIMe9XCvYf6	sha1	52FECA108DB4E5AB5268930D27C82FF215E24BB5	00AB91FC216226979AA8791B61419060A96267FD	330098710EAC6DE8D7BBFD989F00000098710E	good	-	-	1678979650.000000	1679489414.000000
1679466557.963716	FDhd543fsngeCPu8h3	sha1	430BD20E4F137A1A6C918F24E5DA7E324D4733C8	8D8C5EC454AD8AE177E99BF99B05E1B8018D61E1	F69C834BC9FEE96FE6B3DE89F9CABFA7	good	-	-	1678993077.000000	1679597876.000000
1679466557.979745	F2KfSceu6lug3W8j4	sha1	430BD20E4F137A1A6C918F24E5DA7E324D4733C8	8D8C5EC454AD8AE177E99BF99B05E1B8018D61E1	F69C834BC9FEE96FE6B3DE89F9CABFA7	good	-	-	1678993077.000000	1679597876.000000
1679466558.213749	FRCJYNZYuP3ytGBm5	sha1	430BD20E4F137A1A6C918F24E5DA7E324D4733C8	8D8C5EC454AD8AE177E99BF99B05E1B8018D61E1	F69C834BC9FEE96FE6B3DE89F9CABFA7	good	-	-	1678993077.000000	1679597876.000000
1679466581.178300	FGW8oo4mzb0GqQMkq5	sha1	48DAC9A0FB2BD32D4FF0DE68D2F567B735F9B3C4	142EB317B75856CBAE500940E61FAF9D8B14C2C6	0349D5179394B526A4DB1F36F386D82EB3EC	good	-	-	1679353200.000000	1679957998.000000
1679466581.216540	Fbby8z4eM7sLh3h0oh	sha1	48DAC9A0FB2BD32D4FF0DE68D2F567B735F9B3C4	142EB317B75856CBAE500940E61FAF9D8B14C2C6	0349D5179394B526A4DB1F36F386D82EB3EC	good	-	-	1679353200.000000	1679957998.000000
1679466582.258974	FM4JAo2POheLvvLxgi	sha1	48DAC9A0FB2BD32D4FF0DE68D2F567B735F9B3C4	142EB317B75856CBAE500940E61FAF9D8B14C2C6	030071FA42E93AA303512FFA49228AA17D00	good	-	-	1679400000.000000	1680004798.000000
1679466612.925608	FWlvtz32mpRNzTQZGb	sha1	6B7064FE6A7443DC2D6D5B79ECACA7AE5C2EC33F	F8EF7FF2CD7867A8DE6F8F248D88F1870302B3EB	50A0494911CE59546879D041	good	-	-	1679444169.000000	1679789768.000000
1679466622.611673	FlNWKt2k5IoRxXrdtd	sha1	B25C1CBFF19ECD1AC5D204B3131525E52523684C	FD9E22F87AC8E8797E537D439A61DEBFDB0F1D09	D27B9194F687E5A280DF9D5A0D090BD5	good	-	-	1679318207.000000	1679923006.000000
1679466622.616127	FTEpAw3KIvqGiuut8h	sha1	B25C1CBFF19ECD1AC5D204B3131525E52523684C	FD9E22F87AC8E8797E537D439A61DEBFDB0F1D09	D27B9194F687E5A280DF9D5A0D090BD5	good	-	-	1679318207.000000	1679923006.000000
1679466622.618222	FFdnH62chZm9ay3O27	sha1	B25C1CBFF19ECD1AC5D204B3131525E52523684C	FD9E22F87AC8E8797E537D439A61DEBFDB0F1D09	D27B9194F687E5A280DF9D5A0D090BD5	good	-	-	1679318207.000000	1679923006.000000
1679466641.299862	FghV9225rpmSrcIRQ9	sha1	521EE36C478119A9CB03FAB74E57E1197AF1818B	B5760C3011CEC792424D4CC75C2CC8A90CE80B64	12003024DD3EA511E6A77959040000003024DD	good	-	-	1679166008.000000	1679511607.000000
1679466641.915832	Fc2gmC3vSPHQnagjWf	sha1	A303C0A8887BD479C4278EB5D7587D3C12C04DA4	FF2F7FE106F438F32DED258D98C2FE0EF66CFCFA	2D0032787213FA84AE5320170C000000327872	good	-	-	1679173202.000000	1679518801.000000
1679466641.939612	FG1u134m2BXS0vyIGi	sha1	521EE36C478119A9CB03FAB74E57E1197AF1818B	B5760C3011CEC792424D4CC75C2CC8A90CE80B64	12003024DD3EA511E6A77959040000003024DD	good	-	-	1679241602.000000	1679587201.000000
1679466642.004155	FibU1T1EPAzhiBdHPe	sha1	E4E395A229D3D4C1C31FF0980C0B4EC0098AABD8	B76BA2EAA8AA848C79EAB4DA0F98B2C59576B9F4	04630FAC0AD3C8AC44FF72DBB3673F4B	good	-	-	1679299741.000000	1679901841.000000
1679466642.107309	FZUafi1SPW6bRh6NA7	sha1	A303C0A8887BD479C4278EB5D7587D3C12C04DA4	FF2F7FE106F438F32DED258D98C2FE0EF66CFCFA	2D0032787213FA84AE5320170C000000327872	good	-	-	1679410802.000000	1679756401.000000
1679466642.116316	FZkT7935a3afFMhsE2	sha1	C68888133D2295AE3ABEF118877F8A00BA434E3E	0F205DD7A15795DB92CF2BD0C7C27704CE728076	33004C68509C21F64B93190B040000004C6850	good	-	-	1679152413.000000	1679662213.000000
1679466642.425752	FojtvG1zQm5yyrAa44	sha1	521EE36C478119A9CB03FAB74E57E1197AF1818B	B5760C3011CEC792424D4CC75C2CC8A90CE80B64	12003024DD3EA511E6A77959040000003024DD	good	-	-	1679144403.000000	1679490002.000000
1679466642.859330	FzyqvE1UyTbdjQjeYb	sha1	521EE36C478119A9CB03FAB74E57E1197AF1818B	B5760C3011CEC792424D4CC75C2CC8A90CE80B64	12003024DD3EA511E6A77959040000003024DD	good	-	-	1679310001.000000	1679655600.000000
1679466643.231574	FeW5Dv2p7OEmvwGpxi	sha1	0DD55A225F8D2354E325761EEE0D3862F43A9E7B	D5C1673AC2A39DF477525B59123829E65568BBA5	33008384916FFFEB8C177D85F4000000838491	good	-	-	1679364503.000000	1679835015.000000
1679466643.456728	F0ZZLI11HmiMDUslR1	sha1	105FA67A80089DB5279F35CE830B43889EA3C70D	0F80611C823161D52F28E78D4638B42CE1C6D9E2	0CCFC89B78F0112027B25203210BD02B	good	-	-	1679175182.000000	1679777282.000000
1679466645.473519	Ft81Q7XhR3Ntnpjk1	sha1	52FECA108DB4E5AB5268930D27C82FF215E24BB5	00AB91FC216226979AA8791B61419060A96267FD	33009873D9548C59CE318F92200000009873D9	good	-	-	1679238850.000000	1679662211.000000
1679466647.226291	F48fSo3v1RgHfQne2b	sha1	7239BDE83E9709DD71D98312427F1FAE65B0BF6C	C7B29C7F1CE3B85AEFE9681AA85D94C126526A68	33007BB6F80CA11319F561E54A0000007BB6F8	good	-	-	1679335775.000000	1679835016.000000
1679466668.264309	F27ODe4yOpqm8x0ckl	sha1	521EE36C478119A9CB03FAB74E57E1197AF1818B	B5760C3011CEC792424D4CC75C2CC8A90CE80B64	12003024DD3EA511E6A77959040000003024DD	good	-	-	1679450401.000000	1679796000.000000
1679466687.722787	FXZ4op4i3JSd4tE8r5	sha1	E4E395A229D3D4C1C31FF0980C0B4EC0098AABD8	B76BA2EAA8AA848C79EAB4DA0F98B2C59576B9F4	04630FAC0AD3C8AC44FF72DBB3673F4B	good	-	-	1679299741.000000	1679901841.000000
1679466687.752663	FdqYgJ38DC3zzYpUue	sha1	A303C0A8887BD479C4278EB5D7587D3C12C04DA4	FF2F7FE106F438F32DED258D98C2FE0EF66CFCFA	2D0032787213FA84AE5320170C000000327872	good	-	-	1679346004.000000	1679691603.000000
1679466687.773065	FYurRO1rL1WvtYKtjf	sha1	A303C0A8887BD479C4278EB5D7587D3C12C04DA4	FF2F7FE106F438F32DED258D98C2FE0EF66CFCFA	2D0032787213FA84AE5320170C000000327872	good	-	-	1679140803.000000	1679486402.000000
1679466687.782455	FZxyQ8r7ztoanPMH6	sha1	521EE36C478119A9CB03FAB74E57E1197AF1818B	B5760C3011CEC792424D4CC75C2CC8A90CE80B64	12003024DD3EA511E6A77959040000003024DD	good	-	-	1679385604.000000	1679731203.000000
1679466687.824459	FxS8m117c7C0dyQJJc	sha1	C68888133D2295AE3ABEF118877F8A00BA434E3E	0F205DD7A15795DB92CF2BD0C7C27704CE728076	33004C68509C21F64B93190B040000004C6850	good	-	-	1679152413.000000	1679662213.000000
1679466691.503643	FaQQNQ3vReWHx2aMR2	sha1	52FECA108DB4E5AB5268930D27C82FF215E24BB5	00AB91FC216226979AA8791B61419060A96267FD	33009873D9548C59CE318F92200000009873D9	good	-	-	1679238850.000000	1679662211.000000
1679466697.362560	FtVYnr2Xk2aLMh2Mb5	sha1	7239BDE83E9709DD71D98312427F1FAE65B0BF6C	C7B29C7F1CE3B85AEFE9681AA85D94C126526A68	33007BB6F80CA11319F561E54A0000007BB6F8	good	-	-	1679191774.000000	1679662223.000000
1679466716.101159	FrTU7n2CSfRYwMoovl	sha1	52FECA108DB4E5AB5268930D27C82FF215E24BB5	00AB91FC216226979AA8791B61419060A96267FD	3300989F43920D2CDD1728CF14000000989F43	good	-	-	1679253250.000000	1679662211.000000
1679466719.227984	FJZ8oM1fClpxRLuyX5	sha1	7239BDE83E9709DD71D98312427F1FAE65B0BF6C	C7B29C7F1CE3B85AEFE9681AA85D94C126526A68	33003C857E51E71546CDB453A90000003C857E	good	-	-	1678990175.000000	1679489416.000000
1679466720.137122	FRpQe629yy2smVgeBb	sha1	A303C0A8887BD479C4278EB5D7587D3C12C04DA4	FF2F7FE106F438F32DED258D98C2FE0EF66CFCFA	2D002F8263ACFBC0BAE9E7D47E0000002F8263	good	-	-	1679382002.000000	1679727601.000000
1679466721.394011	FlqzQ71FnMtGhSqYbe	sha1	C68888133D2295AE3ABEF118877F8A00BA434E3E	0F205DD7A15795DB92CF2BD0C7C27704CE728076	33008A4004036F88A07B02E7E50000008A4004	good	-	-	1679238814.000000	1679662211.000000
1679466723.215361	F0lCut12DYNK7Nd1e5	sha1	52FECA108DB4E5AB5268930D27C82FF215E24BB5	00AB91FC216226979AA8791B61419060A96267FD	3300989F43920D2CDD1728CF14000000989F43	good	-	-	1679238850.000000	1679662211.000000
1679466724.824092	FCZmoM2k2WrgJy6QT2	sha1	105FA67A80089DB5279F35CE830B43889EA3C70D	0F80611C823161D52F28E78D4638B42CE1C6D9E2	02DE585C81F825CDCAFEB5A600CFC21D	good	-	-	1679377142.000000	1679979242.000000
1679466735.720689	FfsfkIKSAJpG9OOMc	sha1	521EE36C478119A9CB03FAB74E57E1197AF1818B	B5760C3011CEC792424D4CC75C2CC8A90CE80B64	12003024DD3EA511E6A77959040000003024DD	good	-	-	1679425207.000000	1679770806.000000
1679466736.212890	Fgkkon2MX4WhBBNi9f	sha1	521EE36C478119A9CB03FAB74E57E1197AF1818B	B5760C3011CEC792424D4CC75C2CC8A90CE80B64	12003024DD3EA511E6A77959040000003024DD	good	-	-	1679241602.000000	1679587201.000000
1679466736.575605	FOXBld4N7mqsYdPcp1	sha1	521EE36C478119A9CB03FAB74E57E1197AF1818B	B5760C3011CEC792424D4CC75C2CC8A90CE80B64	12003024DD3EA511E6A77959040000003024DD	good	-	-	1679310001.000000	1679655600.000000
1679466736.961228	FF3lz535IUCz0vZHgi	sha1	A303C0A8887BD479C4278EB5D7587D3C12C04DA4	FF2F7FE106F438F32DED258D98C2FE0EF66CFCFA	2D0032787213FA84AE5320170C000000327872	good	-	-	1679313602.000000	1679659201.000000
1679466737.032643	FUxkHT3sji0O3oJL5j	sha1	E4E395A229D3D4C1C31FF0980C0B4EC0098AABD8	B76BA2EAA8AA848C79EAB4DA0F98B2C59576B9F4	04630FAC0AD3C8AC44FF72DBB3673F4B	good	-	-	1679213341.000000	1679815441.000000
1679466737.337095	FQIhIB4EMhr7nN0ACh	sha1	A303C0A8887BD479C4278EB5D7587D3C12C04DA4	FF2F7FE106F438F32DED258D98C2FE0EF66CFCFA	2D0032787213FA84AE5320170C000000327872	good	-	-	1679389202.000000	1679734801.000000
1679466737.489211	FXtvmUjXeBMyxtJsg	sha1	C68888133D2295AE3ABEF118877F8A00BA434E3E	0F205DD7A15795DB92CF2BD0C7C27704CE728076	33004C68509C21F64B93190B040000004C6850	good	-	-	1679152413.000000	1679662213.000000
1679466740.227271	FfJtRt3hVKiGSgkf0l	sha1	52FECA108DB4E5AB5268930D27C82FF215E24BB5	00AB91FC216226979AA8791B61419060A96267FD	330098710EAC6DE8D7BBFD989F00000098710E	good	-	-	1678979650.000000	1679489414.000000
1679466740.371854	FnA6el1nHQXk8dOh74	sha1	52FECA108DB4E5AB5268930D27C82FF215E24BB5	00AB91FC216226979AA8791B61419060A96267FD	330098710EAC6DE8D7BBFD989F00000098710E	good	-	-	1678979650.000000	1679489414.000000
1679466747.255723	FW4s2z4kVGh7Opbird	sha1	7239BDE83E9709DD71D98312427F1FAE65B0BF6C	C7B29C7F1CE3B85AEFE9681AA85D94C126526A68	33007BB6F80CA11319F561E54A0000007BB6F8	good	-	-	1679335775.000000	1679835016.000000
1679466775.421607	FSIkpv1iytZam858v5	sha1	52FECA108DB4E5AB5268930D27C82FF215E24BB5	00AB91FC216226979AA8791B61419060A96267FD	33009873D9548C59CE318F92200000009873D9	good	-	-	1679152450.000000	1679662211.000000
1679466850.296338	Ff3hCq1C0aJ87ogGvd	sha1	430BD20E4F137A1A6C918F24E5DA7E324D4733C8	8D8C5EC454AD8AE177E99BF99B05E1B8018D61E1	DF4413B49EA98E01DF44BC5DEB4FAE46	good	-	-	1679278367.000000	1679883166.000000
1679466850.306110	FBjISc2forE4hex6ok	sha1	430BD20E4F137A1A6C918F24E5DA7E324D4733C8	8D8C5EC454AD8AE177E99BF99B05E1B8018D61E1	DF4413B49EA98E01DF44BC5DEB4FAE46	good	-	-	1679278367.000000	1679883166.000000
1679466851.791457	FIIt4H3HUZK63JEMzb	sha1	430BD20E4F137A1A6C918F24E5DA7E324D4733C8	8D8C5EC454AD8AE177E99BF99B05E1B8018D61E1	DF4413B49EA98E01DF44BC5DEB4FAE46	good	-	-	1679278367.000000	1679883166.000000
1679466912.223974	FZzM0nSW5j7UG0mi	sha1	C68888133D2295AE3ABEF118877F8A00BA434E3E	0F205DD7A15795DB92CF2BD0C7C27704CE728076	330042AE456C7336BD151021D400000042AE45	good	-	-	1679195614.000000	1679662213.000000
1679466932.493704	FXqzxZ1L1us1JsgGHb	sha1	52FECA108DB4E5AB5268930D27C82FF215E24BB5	00AB91FC216226979AA8791B61419060A96267FD	33009873D9548C59CE318F92200000009873D9	good	-	-	1679238850.000000	1679662211.000000
1679466956.553696	FOhTUj3lfM0TJTZlDg	sha1	84D56BF8098BD307B766D8E1EBAD6596AA6B6761	F5CDD53C0850F96A4F3AB797DA5683E669D268F7	16061133E2CB587B03A55105	good	-	-	1679453351.000000	1679798950.000000
1679466956.587860	FjjsS33Huba2Gmchoh	sha1	84D56BF8098BD307B766D8E1EBAD6596AA6B6761	F5CDD53C0850F96A4F3AB797DA5683E669D268F7	16061133E2CB587B03A55105	good	-	-	1679453351.000000	1679798950.000000
1679467014.064516	F53R0i2MQeaY5NFsBh	sha1	E4E395A229D3D4C1C31FF0980C0B4EC0098AABD8	B76BA2EAA8AA848C79EAB4DA0F98B2C59576B9F4	0644557188D29107A8DB80931A45B2CF	good	-	-	1679137741.000000	1679739841.000000
1679467041.062708	FSRXtRjZJuLL1Nax	sha1	6B7064FE6A7443DC2D6D5B79ECACA7AE5C2EC33F	F8EF7FF2CD7867A8DE6F8F248D88F1870302B3EB	200A4BF2FF6F229B235F0584	good	-	-	1679450858.000000	1679796457.000000
1679467042.517459	FqV4mtWYvYxITBG5c	sha1	6B7064FE6A7443DC2D6D5B79ECACA7AE5C2EC33F	F8EF7FF2CD7867A8DE6F8F248D88F1870302B3EB	200A4BF2FF6F229B235F0584	good	-	-	1679450858.000000	1679796457.000000
1679467078.245827	FOoxiC2wZcW9CquEY7	sha1	C68888133D2295AE3ABEF118877F8A00BA434E3E	0F205DD7A15795DB92CF2BD0C7C27704CE728076	33009923B393A427483296B4C50000009923B3	good	-	-	1679152413.000000	1679662211.000000
1679467081.488059	F3nO4B3eT9cqDh0ko6	sha1	7239BDE83E9709DD71D98312427F1FAE65B0BF6C	C7B29C7F1CE3B85AEFE9681AA85D94C126526A68	3300795EB15C1BAA024ECD5683000000795EB1	good	-	-	1679162974.000000	1679662219.000000
1679467081.785505	FRY83roCXXFic1Jhl	sha1	7239BDE83E9709DD71D98312427F1FAE65B0BF6C	C7B29C7F1CE3B85AEFE9681AA85D94C126526A68	33007BB6F80CA11319F561E54A0000007BB6F8	good	-	-	1678990175.000000	1679489416.000000
1679467081.924156	FJgca34Rh23viEMOwa	sha1	105FA67A80089DB5279F35CE830B43889EA3C70D	0F80611C823161D52F28E78D4638B42CE1C6D9E2	0CCFC89B78F0112027B25203210BD02B	good	-	-	1679261582.000000	1679863682.000000
1679467082.666594	Fn81EP20AU7XSqlRha	sha1	0DD55A225F8D2354E325761EEE0D3862F43A9E7B	D5C1673AC2A39DF477525B59123829E65568BBA5	33008FD4590E98AEABC02154100000008FD459	good	-	-	1679162902.000000	1679662217.000000
1679467082.895287	FUT7qe4V0D2Xq0kiBb	sha1	39D28B71FE1D19B65FB3F1288F23BC04595C4395	4E2254201895E6E36EE60FFAFAB912ED06178F39	02E79171FB8021E93FE2D983834C50C0	good	-	-	1679328493.000000	1679933293.000000
1679467083.306794	F6DRkz4ZDDx1SIWjB4	sha1	7239BDE83E9709DD71D98312427F1FAE65B0BF6C	C7B29C7F1CE3B85AEFE9681AA85D94C126526A68	33007BB6F80CA11319F561E54A0000007BB6F8	good	-	-	1679191774.000000	1679662223.000000
1679467083.309352	FpA5NmGeUxYWsydA5	sha1	7239BDE83E9709DD71D98312427F1FAE65B0BF6C	C7B29C7F1CE3B85AEFE9681AA85D94C126526A68	33007BB6F80CA11319F561E54A0000007BB6F8	good	-	-	1678990175.000000	1679489416.000000
1679467083.317560	FjFaSc4UzGhpj7mTs9	sha1	A303C0A8887BD479C4278EB5D7587D3C12C04DA4	FF2F7FE106F438F32DED258D98C2FE0EF66CFCFA	2D0032787213FA84AE5320170C000000327872	good	-	-	1679335201.000000	1679680800.000000
1679467097.555184	FtKBRqbe5g0acRu24	sha1	0DD55A225F8D2354E325761EEE0D3862F43A9E7B	D5C1673AC2A39DF477525B59123829E65568BBA5	330091696F06EB1025B4B0788200000091696F	good	-	-	1678975702.000000	1679489416.000000
1679467141.485410	Fp2ZbD4au1l9pXCi54	sha1	7239BDE83E9709DD71D98312427F1FAE65B0BF6C	C7B29C7F1CE3B85AEFE9681AA85D94C126526A68	33007BB6F80CA11319F561E54A0000007BB6F8	good	-	-	1679191774.000000	1679662223.000000
1679467146.544167	F5kkZHppeSPwX1sl9	sha1	12D78B402C356206FA827F8ED8922411B4ACF504	A5CE37EAEBB0750E946788B445FAD9241087961F	0D88534A3E1D7E5AC78D84ED156F6D5C	good	-	-	1679352302.000000	1679954402.000000
1679467146.562901	FVu4TX1BpjVIkJPEw6	sha1	12D78B402C356206FA827F8ED8922411B4ACF504	A5CE37EAEBB0750E946788B445FAD9241087961F	0D88534A3E1D7E5AC78D84ED156F6D5C	good	-	-	1679352302.000000	1679954402.000000
1679467161.222597	FXZH3G3Pgc1dRZ2Ov9	sha1	430BD20E4F137A1A6C918F24E5DA7E324D4733C8	8D8C5EC454AD8AE177E99BF99B05E1B8018D61E1	6D8C939E2A84D7CA710C496E1380C032	good	-	-	1679325854.000000	1679930653.000000
1679467163.566153	FMV90x1GYLB6ZRj5Vd	sha1	3A1979741DCF77D3D6572B57CAFFF6F62B1D5A3A	EE9A2E46F0C2DA3C5CC78CD6A47598DEA8190A65	0C673E377885E4052335497A28F97F50	good	-	-	1679432222.000000	1680034322.000000
1679467163.639359	FZoJAk4E0BB5WBNPJg	sha1	3A1979741DCF77D3D6572B57CAFFF6F62B1D5A3A	EE9A2E46F0C2DA3C5CC78CD6A47598DEA8190A65	0C673E377885E4052335497A28F97F50	good	-	-	1679432222.000000	1680034322.000000
1679467164.740738	FWjG1E47o4j53wneG3	sha1	430BD20E4F137A1A6C918F24E5DA7E324D4733C8	8D8C5EC454AD8AE177E99BF99B05E1B8018D61E1	6D8C939E2A84D7CA710C496E1380C032	good	-	-	1679325854.000000	1679930653.000000
1679467171.381277	FUfxn14PyiHR7oIUe	sha1	CF94DC5C304AA79485721F956E67895AC21657DD	F6850A3B1186E1047D0EAA0B2CD2EECC647B7BAE	AFC0A8FDE886E5E89BEB23E189A0D987	good	-	-	1679162982.000000	1679767781.000000
1679467194.516000	FtCtZa1LzOYGVydDL	sha1	430BD20E4F137A1A6C918F24E5DA7E324D4733C8	8D8C5EC454AD8AE177E99BF99B05E1B8018D61E1	6317FF15C23A7409F93E5B62F85E520D	good	-	-	1679293786.000000	1679898585.000000
1679467194.595282	FG1GSsm1Cso37aYsg	sha1	430BD20E4F137A1A6C918F24E5DA7E324D4733C8	8D8C5EC454AD8AE177E99BF99B05E1B8018D61E1	6317FF15C23A7409F93E5B62F85E520D	good	-	-	1679293786.000000	1679898585.000000
1679467197.752077	F0Il9Y3CCVMtrmoZXh	sha1	430BD20E4F137A1A6C918F24E5DA7E324D4733C8	8D8C5EC454AD8AE177E99BF99B05E1B8018D61E1	6317FF15C23A7409F93E5B62F85E520D	good	-	-	1679293786.000000	1679898585.000000
1679467197.811386	FUzA194zINWvMLEJNl	sha1	430BD20E4F137A1A6C918F24E5DA7E324D4733C8	8D8C5EC454AD8AE177E99BF99B05E1B8018D61E1	6317FF15C23A7409F93E5B62F85E520D	good	-	-	1679293786.000000	1679898585.000000
1679467335.481706	FRaiJfA9t1vmY77p3	sha1	48DAC9A0FB2BD32D4FF0DE68D2F567B735F9B3C4	142EB317B75856CBAE500940E61FAF9D8B14C2C6	03CC22F3DC9834ADBE29AE05F8D3738258D8	good	-	-	1679317200.000000	1679921998.000000
1679467335.482233	FOBkV51XIHIYxGuWjg	sha1	48DAC9A0FB2BD32D4FF0DE68D2F567B735F9B3C4	142EB317B75856CBAE500940E61FAF9D8B14C2C6	03CC22F3DC9834ADBE29AE05F8D3738258D8	good	-	-	1679317200.000000	1679921998.000000
1679467335.808118	Ffo85m4dIRaNkD8Th8	sha1	2828E1C94506C213EDC35EAC058B3B41C4B61D87	0D98C0737FABBDBDD9474B49AD0A4A0CAC3EC77C	3FFF1A516977B20855AFE6F4	good	-	-	1679446391.000000	1679791990.000000
1679467336.397953	FOPeZb2sxwDd0oPI0k	sha1	2828E1C94506C213EDC35EAC058B3B41C4B61D87	0D98C0737FABBDBDD9474B49AD0A4A0CAC3EC77C	3FFF1A516977B20855AFE6F4	good	-	-	1679446391.000000	1679791990.000000
1679467348.527880	FCakqr2fDsbDMLThwj	sha1	430BD20E4F137A1A6C918F24E5DA7E324D4733C8	8D8C5EC454AD8AE177E99BF99B05E1B8018D61E1	DB345EB8FAA84C1C511487E57CE8D77C	good	-	-	1679147976.000000	1679752775.000000
1679467348.531259	Fmx4Pf2k3gLWleAABf	sha1	430BD20E4F137A1A6C918F24E5DA7E324D4733C8	8D8C5EC454AD8AE177E99BF99B05E1B8018D61E1	DB345EB8FAA84C1C511487E57CE8D77C	good	-	-	1679147976.000000	1679752775.000000
1679467355.113886	FE3xyX3V0cwTOoNfCf	sha1	2828E1C94506C213EDC35EAC058B3B41C4B61D87	0D98C0737FABBDBDD9474B49AD0A4A0CAC3EC77C	3C34C79C7F9E875E846ADFBB	good	-	-	1679450433.000000	1679796032.000000
1679467374.547228	Fp4jEy2FiCGwOHnVu	sha1	48DAC9A0FB2BD32D4FF0DE68D2F567B735F9B3C4	142EB317B75856CBAE500940E61FAF9D8B14C2C6	041E757E5E023C8370910497F0B9E52FFCA5	good	-	-	1679284800.000000	1679889598.000000
1679467397.602804	FqQMk12sE2BNY1zurb	sha1	7239BDE83E9709DD71D98312427F1FAE65B0BF6C	C7B29C7F1CE3B85AEFE9681AA85D94C126526A68	3300795EB15C1BAA024ECD5683000000795EB1	good	-	-	1679335775.000000	1679835017.000000
1679467397.607230	FQYq0n2aBikxHoXM6g	sha1	0DD55A225F8D2354E325761EEE0D3862F43A9E7B	D5C1673AC2A39DF477525B59123829E65568BBA5	33008FD4590E98AEABC02154100000008FD459	good	-	-	1679162902.000000	1679662217.000000
1679467398.241568	FBHW374kc1l0q7sQf8	sha1	7239BDE83E9709DD71D98312427F1FAE65B0BF6C	C7B29C7F1CE3B85AEFE9681AA85D94C126526A68	33007BB6F80CA11319F561E54A0000007BB6F8	good	-	-	1679249374.000000	1679662223.000000
1679467398.381963	FbTWq6U5PjCZMor6i	sha1	7239BDE83E9709DD71D98312427F1FAE65B0BF6C	C7B29C7F1CE3B85AEFE9681AA85D94C126526A68	33007BB6F80CA11319F561E54A0000007BB6F8	good	-	-	1679191774.000000	1679662223.000000
1679467398.385932	FU7RjM1vTVix2txrGk	sha1	105FA67A80089DB5279F35CE830B43889EA3C70D	0F80611C823161D52F28E78D4638B42CE1C6D9E2	04616CBC284A84ED6F10425E9BFD5102	good	-	-	1679386141.000000	1679988241.000000
1679467398.869443	FFBkRL1eV0etOgP3Sd	sha1	7239BDE83E9709DD71D98312427F1FAE65B0BF6C	C7B29C7F1CE3B85AEFE9681AA85D94C126526A68	33008217C72694AEC7E7DADCC90000008217C7	good	-	-	1679076574.000000	1679489416.000000
1679467398.966008	F36UtI2fBi09gAWVf6	sha1	A303C0A8887BD479C4278EB5D7587D3C12C04DA4	FF2F7FE106F438F32DED258D98C2FE0EF66CFCFA	2D0032787213FA84AE5320170C000000327872	good	-	-	1679194801.000000	1679540400.000000
1679467399.014419	FmrfrM1K86T8NPscAh	sha1	7239BDE83E9709DD71D98312427F1FAE65B0BF6C	C7B29C7F1CE3B85AEFE9681AA85D94C126526A68	33008217C72694AEC7E7DADCC90000008217C7	good	-	-	1679076574.000000	1679489416.000000
1679467399.071661	FQKGOgM8IMk9plHI5	sha1	A303C0A8887BD479C4278EB5D7587D3C12C04DA4	FF2F7FE106F438F32DED258D98C2FE0EF66CFCFA	2D0032787213FA84AE5320170C000000327872	good	-	-	1679400002.000000	1679745601.000000
1679467399.264908	FPXLeU1UmNNGqmQ0Ej	sha1	A303C0A8887BD479C4278EB5D7587D3C12C04DA4	FF2F7FE106F438F32DED258D98C2FE0EF66CFCFA	2D0032787213FA84AE5320170C000000327872	good	-	-	1679389202.000000	1679734801.000000
1679467401.787807	FAb5g51A3pR3Hmbc9d	sha1	7239BDE83E9709DD71D98312427F1FAE65B0BF6C	C7B29C7F1CE3B85AEFE9681AA85D94C126526A68	33009330135FBB31D250CDD7D7000000933013	good	-	-	1679162974.000000	1679662223.000000
1679467401.795295	Fu09gTy4sb4YjtpLd	sha1	7239BDE83E9709DD71D98312427F1FAE65B0BF6C	C7B29C7F1CE3B85AEFE9681AA85D94C126526A68	33009330135FBB31D250CDD7D7000000933013	good	-	-	1679249374.000000	1679662223.000000
1679467401.796291	F4FZ8r4zByhsar3Qfg	sha1	7239BDE83E9709DD71D98312427F1FAE65B0BF6C	C7B29C7F1CE3B85AEFE9681AA85D94C126526A68	33009330135FBB31D250CDD7D7000000933013	good	-	-	1679249374.000000	1679662223.000000
1679467401.901263	F0xrkb487RyvpMnuy5	sha1	7239BDE83E9709DD71D98312427F1FAE65B0BF6C	C7B29C7F1CE3B85AEFE9681AA85D94C126526A68	33009330135FBB31D250CDD7D7000000933013	good	-	-	1679162974.000000	1679662223.000000
1679467401.998329	Fsdi1s4lHKAKL5ou4g	sha1	0DD55A225F8D2354E325761EEE0D3862F43A9E7B	D5C1673AC2A39DF477525B59123829E65568BBA5	33008384916FFFEB8C177D85F4000000838491	good	-	-	1679234902.000000	1679662217.000000
1679467402.296596	F7zowujY2ez70Y6s9	sha1	7239BDE83E9709DD71D98312427F1FAE65B0BF6C	C7B29C7F1CE3B85AEFE9681AA85D94C126526A68	33009330135FBB31D250CDD7D7000000933013	good	-	-	1679249374.000000	1679662223.000000
1679467402.344520	FNasQ44Wkhx3Dpq0Wh	sha1	52FECA108DB4E5AB5268930D27C82FF215E24BB5	00AB91FC216226979AA8791B61419060A96267FD	33009873D9548C59CE318F92200000009873D9	good	-	-	1679238850.000000	1679662211.000000
1679467406.747135	FMCTMm4kkpP2gsHccf	sha1	A303C0A8887BD479C4278EB5D7587D3C12C04DA4	FF2F7FE106F438F32DED258D98C2FE0EF66CFCFA	2D0032787213FA84AE5320170C000000327872	good	-	-	1679324405.000000	1679670004.000000
1679467409.414239	Fl29Gr4HfnlcUjQgP5	sha1	430BD20E4F137A1A6C918F24E5DA7E324D4733C8	8D8C5EC454AD8AE177E99BF99B05E1B8018D61E1	DB345EB8FAA84C1C511487E57CE8D77C	good	-	-	1679147976.000000	1679752775.000000
1679467409.710046	Fb6AOg2FVDSRJMQ7M3	sha1	52FECA108DB4E5AB5268930D27C82FF215E24BB5	00AB91FC216226979AA8791B61419060A96267FD	33009873D9548C59CE318F92200000009873D9	good	-	-	1679238850.000000	1679662211.000000
1679467411.815110	FT0D773LhTRIpSGoK5	sha1	E4E395A229D3D4C1C31FF0980C0B4EC0098AABD8	B76BA2EAA8AA848C79EAB4DA0F98B2C59576B9F4	0880587735FFD9A93B5CEE7F258817E5	good	-	-	1679409902.000000	1680012002.000000
1679467411.865239	FGsKZD40FKk6ipr0R	sha1	B9637A21B0602B5F790A8E22BF731357C5301394	8868D91F11C40E1F9B89E0A042775FC3798EC36E	01BD515DC926D74586A05B376507D058	good	-	-	1679432400.000000	1679475600.000000
1679467411.869474	FnxYmGJVlJWzemD74	sha1	3A1979741DCF77D3D6572B57CAFFF6F62B1D5A3A	EE9A2E46F0C2DA3C5CC78CD6A47598DEA8190A65	0C673E377885E4052335497A28F97F50	good	-	-	1679432222.000000	1680034322.000000
1679467411.896942	F1YX28sdSsfBwhyyd	sha1	3A1979741DCF77D3D6572B57CAFFF6F62B1D5A3A	EE9A2E46F0C2DA3C5CC78CD6A47598DEA8190A65	0C673E377885E4052335497A28F97F50	good	-	-	1679432222.000000	1680034322.000000
1679467411.903142	FPQTl6PgPNVWtBtD7	sha1	B9637A21B0602B5F790A8E22BF731357C5301394	8868D91F11C40E1F9B89E0A042775FC3798EC36E	01BD515DC926D74586A05B376507D058	good	-	-	1679432400.000000	1679475600.000000
1679467412.554452	Fhz50L2L03cZ1RHXo	sha1	A17551059D2110D201B9081B73338F1C3CC7BD5F	81B80E638A891218E5FA3B3B50959FE6E5901385	04793057409B4D9D14F7553336AB5B16	good	-	-	1679386502.000000	1679988602.000000
1679467420.269569	FhyMWA479e54wXoId2	sha1	52FECA108DB4E5AB5268930D27C82FF215E24BB5	00AB91FC216226979AA8791B61419060A96267FD	33009873D9548C59CE318F92200000009873D9	good	-	-	1679152450.000000	1679662211.000000
1679467421.185331	FZQGYQ3V0gy9ZblBp9	sha1	430BD20E4F137A1A6C918F24E5DA7E324D4733C8	8D8C5EC454AD8AE177E99BF99B05E1B8018D61E1	DB345EB8FAA84C1C511487E57CE8D77C	good	-	-	1679147976.000000	1679752775.000000
1679467423.171206	FLHnJs1YyWwH1TdlJ5	sha1	CF94DC5C304AA79485721F956E67895AC21657DD	F6850A3B1186E1047D0EAA0B2CD2EECC647B7BAE	AFC0A8FDE886E5E89BEB23E189A0D987	good	-	-	1679162982.000000	1679767781.000000
1679467423.386481	FOmRytPs9hc76y5Vl	sha1	2828E1C94506C213EDC35EAC058B3B41C4B61D87	0D98C0737FABBDBDD9474B49AD0A4A0CAC3EC77C	15CBE0D6C4CEC4867948F64B	good	-	-	1679452312.000000	1679797911.000000
1679467423.405013	FR6VWW2e52Moeg2C4a	sha1	2828E1C94506C213EDC35EAC058B3B41C4B61D87	0D98C0737FABBDBDD9474B49AD0A4A0CAC3EC77C	15CBE0D6C4CEC4867948F64B	good	-	-	1679452312.000000	1679797911.000000
1679467424.879618	F3HMNl4I6glsIUZvz7	sha1	B6080D5F6C6B76EB13E438A5F8660BA85233344E	40C2BD278ECC348330A233D7FB6CB3F0B42C80CE	811B2D8D098AB998	good	-	-	1679366828.000000	1679496428.000000
1679467424.879618	FpXi442ryGTxauJjU9	sha1	B6080D5F6C6B76EB13E438A5F8660BA85233344E	40C2BD278ECC348330A233D7FB6CB3F0B42C80CE	811B2D8D098AB998	good	-	-	1679366828.000000	1679496428.000000
1679467435.458605	FqSymZ17pcDe377HXh	sha1	430BD20E4F137A1A6C918F24E5DA7E324D4733C8	8D8C5EC454AD8AE177E99BF99B05E1B8018D61E1	DB345EB8FAA84C1C511487E57CE8D77C	good	-	-	1679147976.000000	1679752775.000000
1679467451.302007	F1e5ET3xGApeTvbera	sha1	430BD20E4F137A1A6C918F24E5DA7E324D4733C8	8D8C5EC454AD8AE177E99BF99B05E1B8018D61E1	DB345EB8FAA84C1C511487E57CE8D77C	good	-	-	1679147976.000000	1679752775.000000
1679467461.825296	Fw6hr12Gp4nugOVsMb	sha1	48DAC9A0FB2BD32D4FF0DE68D2F567B735F9B3C4	142EB317B75856CBAE500940E61FAF9D8B14C2C6	04101C42F64C09604F85B815F882F52801B9	good	-	-	1679295600.000000	1679900398.000000
1679467462.558640	Fcw2VQ2CIhDcxOru9	sha1	48DAC9A0FB2BD32D4FF0DE68D2F567B735F9B3C4	142EB317B75856CBAE500940E61FAF9D8B14C2C6	03FC60751991E9A25BB90ED2BF32EBCB0802	good	-	-	1679238000.000000	1679842798.000000
1679467462.560173	FvCVe5VeKqzE7Sy14	sha1	48DAC9A0FB2BD32D4FF0DE68D2F567B735F9B3C4	142EB317B75856CBAE500940E61FAF9D8B14C2C6	03FC60751991E9A25BB90ED2BF32EBCB0802	good	-	-	1679238000.000000	1679842798.000000
1679467462.561959	F8PPJAZnBpOO9ih42	sha1	48DAC9A0FB2BD32D4FF0DE68D2F567B735F9B3C4	142EB317B75856CBAE500940E61FAF9D8B14C2C6	03FC60751991E9A25BB90ED2BF32EBCB0802	good	-	-	1679238000.000000	1679842798.000000
1679467463.635688	FGhXHn1OpGzOeUxaQd	sha1	48DAC9A0FB2BD32D4FF0DE68D2F567B735F9B3C4	142EB317B75856CBAE500940E61FAF9D8B14C2C6	03C1E775AFAC35303B646929CDC3E787F0DC	good	-	-	1679299200.000000	1679903998.000000
1679467465.249633	FcniN234iGDc90ptU8	sha1	430BD20E4F137A1A6C918F24E5DA7E324D4733C8	8D8C5EC454AD8AE177E99BF99B05E1B8018D61E1	DB345EB8FAA84C1C511487E57CE8D77C	good	-	-	1679147976.000000	1679752775.000000
1679467477.658730	FfF0Pw2MuNe0lbQN9	sha1	430BD20E4F137A1A6C918F24E5DA7E324D4733C8	8D8C5EC454AD8AE177E99BF99B05E1B8018D61E1	6317FF15C23A7409F93E5B62F85E520D	good	-	-	1679293786.000000	1679898585.000000
1679467477.810608	FdyykRbysBNEqwBq8	sha1	430BD20E4F137A1A6C918F24E5DA7E324D4733C8	8D8C5EC454AD8AE177E99BF99B05E1B8018D61E1	6317FF15C23A7409F93E5B62F85E520D	good	-	-	1679293786.000000	1679898585.000000
1679467480.066337	FjgIJr3NQf0x9Voctk	sha1	430BD20E4F137A1A6C918F24E5DA7E324D4733C8	8D8C5EC454AD8AE177E99BF99B05E1B8018D61E1	6317FF15C23A7409F93E5B62F85E520D	good	-	-	1679293786.000000	1679898585.000000
1679467499.266213	FFSg052OUUD4xHHu6a	sha1	430BD20E4F137A1A6C918F24E5DA7E324D4733C8	8D8C5EC454AD8AE177E99BF99B05E1B8018D61E1	6317FF15C23A7409F93E5B62F85E520D	good	-	-	1679293786.000000	1679898585.000000
1679467549.435874	FcETDT30taDQ7fHCAe	sha1	430BD20E4F137A1A6C918F24E5DA7E324D4733C8	8D8C5EC454AD8AE177E99BF99B05E1B8018D61E1	DB345EB8FAA84C1C511487E57CE8D77C	good	-	-	1679147976.000000	1679752775.000000
1679467571.763840	FlVlGrCfMeNERuneh	sha1	A303C0A8887BD479C4278EB5D7587D3C12C04DA4	FF2F7FE106F438F32DED258D98C2FE0EF66CFCFA	2D0032787213FA84AE5320170C000000327872	good	-	-	1679313602.000000	1679659201.000000
1679467571.779426	FXQ1di26fIriWYrkK5	sha1	A303C0A8887BD479C4278EB5D7587D3C12C04DA4	FF2F7FE106F438F32DED258D98C2FE0EF66CFCFA	2D0032787213FA84AE5320170C000000327872	good	-	-	1679346004.000000	1679691603.000000
1679467574.279159	F5mgbY2f1z325z6ql	sha1	105FA67A80089DB5279F35CE830B43889EA3C70D	0F80611C823161D52F28E78D4638B42CE1C6D9E2	04213CB0AC5906F450D03A8961BEB01B	good	-	-	1679211902.000000	1679814002.000000
1679467574.279625	Fb1AClgwKDAH3nVV9	sha1	105FA67A80089DB5279F35CE830B43889EA3C70D	0F80611C823161D52F28E78D4638B42CE1C6D9E2	04616CBC284A84ED6F10425E9BFD5102	good	-	-	1679386141.000000	1679988241.000000
1679467574.280448	FSSIj43XEYrf8BgH9a	sha1	105FA67A80089DB5279F35CE830B43889EA3C70D	0F80611C823161D52F28E78D4638B42CE1C6D9E2	04213CB0AC5906F450D03A8961BEB01B	good	-	-	1679384702.000000	1679986802.000000
1679467574.284344	FL1Zli1dmspPfW8G73	sha1	105FA67A80089DB5279F35CE830B43889EA3C70D	0F80611C823161D52F28E78D4638B42CE1C6D9E2	04616CBC284A84ED6F10425E9BFD5102	good	-	-	1679386141.000000	1679988241.000000
1679467581.389598	FIscc41mq4b9Btwwy2	sha1	A303C0A8887BD479C4278EB5D7587D3C12C04DA4	FF2F7FE106F438F32DED258D98C2FE0EF66CFCFA	2D0032787213FA84AE5320170C000000327872	good	-	-	1679324405.000000	1679670004.000000
1679467581.495945	FSidFO3bGK6Kys3rx9	sha1	A303C0A8887BD479C4278EB5D7587D3C12C04DA4	FF2F7FE106F438F32DED258D98C2FE0EF66CFCFA	2D0032787213FA84AE5320170C000000327872	good	-	-	1679400002.000000	1679745601.000000
1679467581.497435	FnOLGd4G08v8OkBUVa	sha1	A303C0A8887BD479C4278EB5D7587D3C12C04DA4	FF2F7FE106F438F32DED258D98C2FE0EF66CFCFA	2D0032787213FA84AE5320170C000000327872	good	-	-	1679313602.000000	1679659201.000000
1679467581.498275	Fwd4HF4yD8khZyJiE3	sha1	A303C0A8887BD479C4278EB5D7587D3C12C04DA4	FF2F7FE106F438F32DED258D98C2FE0EF66CFCFA	2D0032787213FA84AE5320170C000000327872	good	-	-	1679324405.000000	1679670004.000000
1679467581.589127	Fkl79F2b6eGXpDUFOk	sha1	A303C0A8887BD479C4278EB5D7587D3C12C04DA4	FF2F7FE106F438F32DED258D98C2FE0EF66CFCFA	2D0032787213FA84AE5320170C000000327872	good	-	-	1679443204.000000	1679788803.000000
1679467583.595392	F1MWxLr8Vr81NECwb	sha1	7239BDE83E9709DD71D98312427F1FAE65B0BF6C	C7B29C7F1CE3B85AEFE9681AA85D94C126526A68	33008217C72694AEC7E7DADCC90000008217C7	good	-	-	1679076574.000000	1679489416.000000
1679467586.161759	FDyk62wpr6vcxJUFb	sha1	A303C0A8887BD479C4278EB5D7587D3C12C04DA4	FF2F7FE106F438F32DED258D98C2FE0EF66CFCFA	2D0032787213FA84AE5320170C000000327872	good	-	-	1679313602.000000	1679659201.000000
1679467593.864665	Fu8llD3J4C8rP38HPk	sha1	C68888133D2295AE3ABEF118877F8A00BA434E3E	0F205DD7A15795DB92CF2BD0C7C27704CE728076	330099695D4EB46C3C6872AEC400000099695D	good	-	-	1679066013.000000	1679489412.000000
1679467594.102887	FhrgS84trj7ubImIKg	sha1	C68888133D2295AE3ABEF118877F8A00BA434E3E	0F205DD7A15795DB92CF2BD0C7C27704CE728076	330099695D4EB46C3C6872AEC400000099695D	good	-	-	1678979613.000000	1679489412.000000
1679467611.301974	FphfEG3C9k5626yEof	sha1	A303C0A8887BD479C4278EB5D7587D3C12C04DA4	FF2F7FE106F438F32DED258D98C2FE0EF66CFCFA	2D0032787213FA84AE5320170C000000327872	good	-	-	1679346004.000000	1679691603.000000
1679467612.198427	FTDtbubl5WKGuz4k8	sha1	C68888133D2295AE3ABEF118877F8A00BA434E3E	0F205DD7A15795DB92CF2BD0C7C27704CE728076	330099695D4EB46C3C6872AEC400000099695D	good	-	-	1679066013.000000	1679489412.000000
1679467631.415820	Fuhju61rnOV8Et2dF5	sha1	430BD20E4F137A1A6C918F24E5DA7E324D4733C8	8D8C5EC454AD8AE177E99BF99B05E1B8018D61E1	DB345EB8FAA84C1C511487E57CE8D77C	good	-	-	1679147976.000000	1679752775.000000
1679467634.942101	FJO9dgxMlGgCnq5Da	sha1	CF94DC5C304AA79485721F956E67895AC21657DD	F6850A3B1186E1047D0EAA0B2CD2EECC647B7BAE	AFC0A8FDE886E5E89BEB23E189A0D987	good	-	-	1679162982.000000	1679767781.000000
1679467667.965370	FAB53m18t6JC9DFrKk	sha1	A303C0A8887BD479C4278EB5D7587D3C12C04DA4	FF2F7FE106F438F32DED258D98C2FE0EF66CFCFA	2D0032787213FA84AE5320170C000000327872	good	-	-	1679313602.000000	1679659201.000000
1679467668.006674	FLvv5o2jBSPQAWd5i4	sha1	A303C0A8887BD479C4278EB5D7587D3C12C04DA4	FF2F7FE106F438F32DED258D98C2FE0EF66CFCFA	2D0032787213FA84AE5320170C000000327872	good	-	-	1679313602.000000	1679659201.000000
1679467668.007065	Fz8Oog2DJTvCjbneh7	sha1	A303C0A8887BD479C4278EB5D7587D3C12C04DA4	FF2F7FE106F438F32DED258D98C2FE0EF66CFCFA	2D0032787213FA84AE5320170C000000327872	good	-	-	1679324405.000000	1679670004.000000
1679467668.087585	FrSqHX2691dZOwcwak	sha1	A303C0A8887BD479C4278EB5D7587D3C12C04DA4	FF2F7FE106F438F32DED258D98C2FE0EF66CFCFA	2D0032787213FA84AE5320170C000000327872	good	-	-	1679324405.000000	1679670004.000000
1679467668.805601	FDICMh1jedUHOUuUUa	sha1	A303C0A8887BD479C4278EB5D7587D3C12C04DA4	FF2F7FE106F438F32DED258D98C2FE0EF66CFCFA	2D0032787213FA84AE5320170C000000327872	good	-	-	1679313602.000000	1679659201.000000
1679467668.871753	FWL7414F7AzV8aiZa6	sha1	A303C0A8887BD479C4278EB5D7587D3C12C04DA4	FF2F7FE106F438F32DED258D98C2FE0EF66CFCFA	2D0032787213FA84AE5320170C000000327872	good	-	-	1679400002.000000	1679745601.000000
1679467697.044042	FNaq92atw6Nsikqbd	sha1	A303C0A8887BD479C4278EB5D7587D3C12C04DA4	FF2F7FE106F438F32DED258D98C2FE0EF66CFCFA	2D0032787213FA84AE5320170C000000327872	good	-	-	1679302802.000000	1679648401.000000
1679467705.818478	FeVmO5jZSnRF0aqW2	sha1	A303C0A8887BD479C4278EB5D7587D3C12C04DA4	FF2F7FE106F438F32DED258D98C2FE0EF66CFCFA	2D0032787213FA84AE5320170C000000327872	good	-	-	1679313602.000000	1679659201.000000
1679467714.513331	FNHKKACTrL2Fh94t8	sha1	430BD20E4F137A1A6C918F24E5DA7E324D4733C8	8D8C5EC454AD8AE177E99BF99B05E1B8018D61E1	DB345EB8FAA84C1C511487E57CE8D77C	good	-	-	1679147976.000000	1679752775.000000
1679467714.592880	FqFG0p4ZTxTRV19he	sha1	430BD20E4F137A1A6C918F24E5DA7E324D4733C8	8D8C5EC454AD8AE177E99BF99B05E1B8018D61E1	DB345EB8FAA84C1C511487E57CE8D77C	good	-	-	1679147976.000000	1679752775.000000
1679467716.774438	Fwv9tS11PFEkosxeMe	sha1	48DAC9A0FB2BD32D4FF0DE68D2F567B735F9B3C4	142EB317B75856CBAE500940E61FAF9D8B14C2C6	04C0AB1E9520B5D50D2858926A3119512D6D	good	-	-	1679284800.000000	1679889598.000000
1679467719.421394	F4Na5j4KkDN4i9XPYk	sha1	A303C0A8887BD479C4278EB5D7587D3C12C04DA4	FF2F7FE106F438F32DED258D98C2FE0EF66CFCFA	2D0032787213FA84AE5320170C000000327872	good	-	-	1679421602.000000	1679767201.000000
1679467752.722756	FCI2GU1G9HgToodl9b	sha1	A303C0A8887BD479C4278EB5D7587D3C12C04DA4	FF2F7FE106F438F32DED258D98C2FE0EF66CFCFA	2D0032787213FA84AE5320170C000000327872	good	-	-	1679324405.000000	1679670004.000000
1679467752.722756	FVN3HQmhkV8UMLe3i	sha1	A303C0A8887BD479C4278EB5D7587D3C12C04DA4	FF2F7FE106F438F32DED258D98C2FE0EF66CFCFA	2D0032787213FA84AE5320170C000000327872	good	-	-	1679324405.000000	1679670004.000000
1679467752.825807	F59tCn40qMfvsQ9Xjf	sha1	A303C0A8887BD479C4278EB5D7587D3C12C04DA4	FF2F7FE106F438F32DED258D98C2FE0EF66CFCFA	2D0032787213FA84AE5320170C000000327872	good	-	-	1679324405.000000	1679670004.000000
1679467797.409339	FZyCTRnsB9roIg7o7	sha1	430BD20E4F137A1A6C918F24E5DA7E324D4733C8	8D8C5EC454AD8AE177E99BF99B05E1B8018D61E1	DB345EB8FAA84C1C511487E57CE8D77C	good	-	-	1679147976.000000	1679752775.000000
1679467842.753380	Fpt8hi4Le3Z0dXtOHj	sha1	48DAC9A0FB2BD32D4FF0DE68D2F567B735F9B3C4	142EB317B75856CBAE500940E61FAF9D8B14C2C6	03FC60751991E9A25BB90ED2BF32EBCB0802	good	-	-	1679238000.000000	1679842798.000000
1679467871.755363	FRsGe316SFaPegWNSf	sha1	430BD20E4F137A1A6C918F24E5DA7E324D4733C8	8D8C5EC454AD8AE177E99BF99B05E1B8018D61E1	DB345EB8FAA84C1C511487E57CE8D77C	good	-	-	1679147976.000000	1679752775.000000
1679467885.322630	FOpMt23eqglJ0gYt58	sha1	430BD20E4F137A1A6C918F24E5DA7E324D4733C8	8D8C5EC454AD8AE177E99BF99B05E1B8018D61E1	DB345EB8FAA84C1C511487E57CE8D77C	good	-	-	1679147976.000000	1679752775.000000
1679467901.266626	FHu5Da3nFxKhZIHCX1	sha1	430BD20E4F137A1A6C918F24E5DA7E324D4733C8	8D8C5EC454AD8AE177E99BF99B05E1B8018D61E1	DB345EB8FAA84C1C511487E57CE8D77C	good	-	-	1679147976.000000	1679752775.000000
1679467916.284579	FAc0aJ2QGKdTtpjOhg	sha1	430BD20E4F137A1A6C918F24E5DA7E324D4733C8	8D8C5EC454AD8AE177E99BF99B05E1B8018D61E1	DB345EB8FAA84C1C511487E57CE8D77C	good	-	-	1679147976.000000	1679752775.000000
1679467916.330603	Frwklb392klzzHUetl	sha1	430BD20E4F137A1A6C918F24E5DA7E324D4733C8	8D8C5EC454AD8AE177E99BF99B05E1B8018D61E1	DB345EB8FAA84C1C511487E57CE8D77C	good	-	-	1679147976.000000	1679752775.000000
1679467918.804689	FPZT2y3JdepN3Fg1S4	sha1	430BD20E4F137A1A6C918F24E5DA7E324D4733C8	8D8C5EC454AD8AE177E99BF99B05E1B8018D61E1	DB345EB8FAA84C1C511487E57CE8D77C	good	-	-	1679147976.000000	1679752775.000000
1679467947.068276	F4Qb8A1kV9sZtuQb59	sha1	7239BDE83E9709DD71D98312427F1FAE65B0BF6C	C7B29C7F1CE3B85AEFE9681AA85D94C126526A68	3300795EB15C1BAA024ECD5683000000795EB1	good	-	-	1679162974.000000	1679662219.000000
1679467979.953277	F37XCD4VGaaEZTrP9g	sha1	E4E395A229D3D4C1C31FF0980C0B4EC0098AABD8	B76BA2EAA8AA848C79EAB4DA0F98B2C59576B9F4	014C1D342B7E63436E1D36679AF7A538	good	-	-	1679368141.000000	1679970241.000000
1679467980.948760	F1dtaz1lWBnqgNL3V2	sha1	E4E395A229D3D4C1C31FF0980C0B4EC0098AABD8	B76BA2EAA8AA848C79EAB4DA0F98B2C59576B9F4	014C1D342B7E63436E1D36679AF7A538	good	-	-	1679368141.000000	1679970241.000000
1679467980.948760	FtvEU04upIu1xrEtsh	sha1	E4E395A229D3D4C1C31FF0980C0B4EC0098AABD8	B76BA2EAA8AA848C79EAB4DA0F98B2C59576B9F4	014C1D342B7E63436E1D36679AF7A538	good	-	-	1679368141.000000	1679970241.000000
1679468002.613892	FAljVH3qhiNuVeAI1	sha1	430BD20E4F137A1A6C918F24E5DA7E324D4733C8	8D8C5EC454AD8AE177E99BF99B05E1B8018D61E1	DB345EB8FAA84C1C511487E57CE8D77C	good	-	-	1679147976.000000	1679752775.000000
1679468002.641798	FeNyok2b4oeeharUy2	sha1	430BD20E4F137A1A6C918F24E5DA7E324D4733C8	8D8C5EC454AD8AE177E99BF99B05E1B8018D61E1	DB345EB8FAA84C1C511487E57CE8D77C	good	-	-	1679147976.000000	1679752775.000000
1679468050.545133	FKkUIjKdYrz9Mjcz3	sha1	CF94DC5C304AA79485721F956E67895AC21657DD	F6850A3B1186E1047D0EAA0B2CD2EECC647B7BAE	AFC0A8FDE886E5E89BEB23E189A0D987	good	-	-	1679162982.000000	1679767781.000000
1679468050.855337	FhQNDt46x8EL2uJV33	sha1	2828E1C94506C213EDC35EAC058B3B41C4B61D87	0D98C0737FABBDBDD9474B49AD0A4A0CAC3EC77C	15CBE0D6C4CEC4867948F64B	good	-	-	1679452312.000000	1679797911.000000
1679468050.928597	F1PTpy4h5zhzqkPX19	sha1	2828E1C94506C213EDC35EAC058B3B41C4B61D87	0D98C0737FABBDBDD9474B49AD0A4A0CAC3EC77C	15CBE0D6C4CEC4867948F64B	good	-	-	1679445775.000000	1679791374.000000
1679468052.291044	FTQePm1T2FvAjmpCoj	sha1	3A1979741DCF77D3D6572B57CAFFF6F62B1D5A3A	EE9A2E46F0C2DA3C5CC78CD6A47598DEA8190A65	0C673E377885E4052335497A28F97F50	good	-	-	1679432222.000000	1680034322.000000
1679468053.103592	FoUv9u38twQH4Ps731	sha1	48DAC9A0FB2BD32D4FF0DE68D2F567B735F9B3C4	142EB317B75856CBAE500940E61FAF9D8B14C2C6	041E757E5E023C8370910497F0B9E52FFCA5	good	-	-	1679284800.000000	1679889598.000000
1679468056.735560	FBzx5wtPkkKNsPyki	sha1	430BD20E4F137A1A6C918F24E5DA7E324D4733C8	8D8C5EC454AD8AE177E99BF99B05E1B8018D61E1	B66D1C341BCDA201C7E63A4624BAD5A3	good	-	-	1679346188.000000	1679950987.000000
1679468056.766015	FKqzt24mYoMtbOG395	sha1	430BD20E4F137A1A6C918F24E5DA7E324D4733C8	8D8C5EC454AD8AE177E99BF99B05E1B8018D61E1	DB345EB8FAA84C1C511487E57CE8D77C	good	-	-	1679147976.000000	1679752775.000000
1679468067.703178	FiBngM1es4AaQiWDLd	sha1	430BD20E4F137A1A6C918F24E5DA7E324D4733C8	8D8C5EC454AD8AE177E99BF99B05E1B8018D61E1	DB345EB8FAA84C1C511487E57CE8D77C	good	-	-	1679147976.000000	1679752775.000000
1679468067.752197	FsE9aE2KoClnBsqEua	sha1	430BD20E4F137A1A6C918F24E5DA7E324D4733C8	8D8C5EC454AD8AE177E99BF99B05E1B8018D61E1	B66D1C341BCDA201C7E63A4624BAD5A3	good	-	-	1679346188.000000	1679950987.000000
1679468067.800023	FcAr3q4oYEtCd8yXhi	sha1	2828E1C94506C213EDC35EAC058B3B41C4B61D87	0D98C0737FABBDBDD9474B49AD0A4A0CAC3EC77C	15CBE0D6C4CEC4867948F64B	good	-	-	1679446178.000000	1679791777.000000
1679468085.832649	FGM1GX9alfIwojgl	sha1	430BD20E4F137A1A6C918F24E5DA7E324D4733C8	8D8C5EC454AD8AE177E99BF99B05E1B8018D61E1	DB345EB8FAA84C1C511487E57CE8D77C	good	-	-	1679147976.000000	1679752775.000000
1679468085.947881	FBxwwO2K9PvR272WF5	sha1	430BD20E4F137A1A6C918F24E5DA7E324D4733C8	8D8C5EC454AD8AE177E99BF99B05E1B8018D61E1	DB345EB8FAA84C1C511487E57CE8D77C	good	-	-	1679147976.000000	1679752775.000000
1679468090.060518	FSi3zl4fX51VllRAD	sha1	521EE36C478119A9CB03FAB74E57E1197AF1818B	B5760C3011CEC792424D4CC75C2CC8A90CE80B64	12003024DD3EA511E6A77959040000003024DD	good	-	-	1679396403.000000	1679742002.000000
1679468091.614993	F7nZol46GMqJ1KfJxb	sha1	E4E395A229D3D4C1C31FF0980C0B4EC0098AABD8	B76BA2EAA8AA848C79EAB4DA0F98B2C59576B9F4	04630FAC0AD3C8AC44FF72DBB3673F4B	good	-	-	1679299741.000000	1679901841.000000
1679468091.686247	FDImMd4KomlZw5Njgj	sha1	A303C0A8887BD479C4278EB5D7587D3C12C04DA4	FF2F7FE106F438F32DED258D98C2FE0EF66CFCFA	2D0032787213FA84AE5320170C000000327872	good	-	-	1679367605.000000	1679713204.000000
1679468091.831155	FmzSpr4wDsuZvkNdw6	sha1	A303C0A8887BD479C4278EB5D7587D3C12C04DA4	FF2F7FE106F438F32DED258D98C2FE0EF66CFCFA	2D0032787213FA84AE5320170C000000327872	good	-	-	1679216406.000000	1679562005.000000
1679468091.860484	FDZ8462GSi0cSstSB3	sha1	C68888133D2295AE3ABEF118877F8A00BA434E3E	0F205DD7A15795DB92CF2BD0C7C27704CE728076	33004C68509C21F64B93190B040000004C6850	good	-	-	1679152413.000000	1679662213.000000
1679468093.180552	FWegx52pCv6vyUiKpa	sha1	7239BDE83E9709DD71D98312427F1FAE65B0BF6C	C7B29C7F1CE3B85AEFE9681AA85D94C126526A68	33007BB6F80CA11319F561E54A0000007BB6F8	good	-	-	1679249374.000000	1679662219.000000
1679468094.180066	FRPwMj3mklf8S4Tb5h	sha1	52FECA108DB4E5AB5268930D27C82FF215E24BB5	00AB91FC216226979AA8791B61419060A96267FD	33009873D9548C59CE318F92200000009873D9	good	-	-	1679238850.000000	1679662211.000000
1679468094.297405	FpN3EwyI9jcE0JvP	sha1	52FECA108DB4E5AB5268930D27C82FF215E24BB5	00AB91FC216226979AA8791B61419060A96267FD	33009873D9548C59CE318F92200000009873D9	good	-	-	1679238850.000000	1679662211.000000
1679468098.839749	FNpXV93paF9bpCfxk1	sha1	430BD20E4F137A1A6C918F24E5DA7E324D4733C8	8D8C5EC454AD8AE177E99BF99B05E1B8018D61E1	DB345EB8FAA84C1C511487E57CE8D77C	good	-	-	1679147976.000000	1679752775.000000
1679468098.916919	FVSM764qVWWJfjWNJj	sha1	430BD20E4F137A1A6C918F24E5DA7E324D4733C8	8D8C5EC454AD8AE177E99BF99B05E1B8018D61E1	DB345EB8FAA84C1C511487E57CE8D77C	good	-	-	1679147976.000000	1679752775.000000
1679468113.348332	FEP2Fe1tpBZMkhUnD9	sha1	430BD20E4F137A1A6C918F24E5DA7E324D4733C8	8D8C5EC454AD8AE177E99BF99B05E1B8018D61E1	DB345EB8FAA84C1C511487E57CE8D77C	good	-	-	1679147976.000000	1679752775.000000
1679468198.488860	F9JQ4u88kEixJeyC7	sha1	430BD20E4F137A1A6C918F24E5DA7E324D4733C8	8D8C5EC454AD8AE177E99BF99B05E1B8018D61E1	DB345EB8FAA84C1C511487E57CE8D77C	good	-	-	1679147976.000000	1679752775.000000
1679468198.531691	F4s2bK3dWd7WDBavAj	sha1	430BD20E4F137A1A6C918F24E5DA7E324D4733C8	8D8C5EC454AD8AE177E99BF99B05E1B8018D61E1	DB345EB8FAA84C1C511487E57CE8D77C	good	-	-	1679147976.000000	1679752775.000000
#close	2023-04-22-07-40-39
